Data folder : /home/krschap/rabina/data/s2a
Using device: cpu
CPU cores available: 32
CPU cores using: 24
Found 32567 scenes in 0.06 seconds
Total samples in dataset: 166775
Calculating stats on the entire dataset...
Total batches to process: 2606
Processed batch 500/2606 
Processed batch 1000/2606 
Processed batch 1500/2606 
Processed batch 2000/2606 
Processed batch 2500/2606 
Processed batch 2606/2606 
calculate_stats time: 3.08 min
Mean: tensor([1278.6852, 1434.4397, 1694.8578, 1932.4095, 2269.2026, 2789.2571,
        3019.3687, 3144.4609, 3180.2004, 3289.7437,    0.0000, 2666.2808,
        2098.4189])
Std: tensor([2148.8049, 2148.8838, 2038.1532, 2097.1721, 2066.5100, 1890.2559,      
            1842.6375, 1898.1923, 1762.8573, 1992.9287,    0.0001, 1247.9540,
            1132.2416])
